c:\users\leo\source\repos\uc-apex-remastered\uc-apex-remastered\x64\release\vc142.pdb
c:\users\leo\source\repos\uc-apex-remastered\uc-apex-remastered\x64\release\util.obj
c:\users\leo\source\repos\uc-apex-remastered\uc-apex-remastered\x64\release\os.obj
c:\users\leo\source\repos\uc-apex-remastered\uc-apex-remastered\x64\release\format.obj
c:\users\leo\source\repos\uc-apex-remastered\uc-apex-remastered\x64\release\player.obj
c:\users\leo\source\repos\uc-apex-remastered\uc-apex-remastered\x64\release\overlay.obj
c:\users\leo\source\repos\uc-apex-remastered\uc-apex-remastered\x64\release\modules.obj
c:\users\leo\source\repos\uc-apex-remastered\uc-apex-remastered\x64\release\main.obj
c:\users\leo\source\repos\uc-apex-remastered\uc-apex-remastered\x64\release\imgui_widgets.obj
c:\users\leo\source\repos\uc-apex-remastered\uc-apex-remastered\x64\release\imgui_tables.obj
c:\users\leo\source\repos\uc-apex-remastered\uc-apex-remastered\x64\release\imgui_impl_win32.obj
c:\users\leo\source\repos\uc-apex-remastered\uc-apex-remastered\x64\release\imgui_impl_dx9.obj
c:\users\leo\source\repos\uc-apex-remastered\uc-apex-remastered\x64\release\imgui_draw.obj
c:\users\leo\source\repos\uc-apex-remastered\uc-apex-remastered\x64\release\imgui_demo.obj
c:\users\leo\source\repos\uc-apex-remastered\uc-apex-remastered\x64\release\imgui.obj
c:\users\leo\source\repos\uc-apex-remastered\uc-apex-remastered\x64\release\globals.obj
c:\users\leo\source\repos\uc-apex-remastered\uc-apex-remastered\x64\release\drawings.obj
c:\users\leo\source\repos\uc-apex-remastered\x64\release\uc-apex-remastered.exe
c:\users\leo\source\repos\uc-apex-remastered\uc-apex-remastered\x64\release\uc-apex-remastered.ipdb
c:\users\leo\source\repos\uc-apex-remastered\uc-apex-remastered\x64\release\uc-apex-remastered.iobj
c:\users\leo\source\repos\uc-apex-remastered\x64\release\uc-apex-remastered.pdb
c:\users\leo\source\repos\uc-apex-remastered\uc-apex-remastered\x64\release\uc-apex-.2e34662d.tlog\cl.command.1.tlog
c:\users\leo\source\repos\uc-apex-remastered\uc-apex-remastered\x64\release\uc-apex-.2e34662d.tlog\cl.read.1.tlog
c:\users\leo\source\repos\uc-apex-remastered\uc-apex-remastered\x64\release\uc-apex-.2e34662d.tlog\cl.write.1.tlog
c:\users\leo\source\repos\uc-apex-remastered\uc-apex-remastered\x64\release\uc-apex-.2e34662d.tlog\link.command.1.tlog
c:\users\leo\source\repos\uc-apex-remastered\uc-apex-remastered\x64\release\uc-apex-.2e34662d.tlog\link.read.1.tlog
c:\users\leo\source\repos\uc-apex-remastered\uc-apex-remastered\x64\release\uc-apex-.2e34662d.tlog\link.write.1.tlog
