  Drawings.cpp
C:\Users\Leo\source\repos\UC-Apex-Remastered\UC-Apex-Remastered\Driver.h(49,20): warning C4244: '=': conversion from 'uintptr_t' to 'ULONG', possible loss of data
C:\Users\Leo\source\repos\UC-Apex-Remastered\UC-Apex-Remastered\Driver.h(76,23): warning C4244: '=': conversion from 'uintptr_t' to 'ULONG', possible loss of data
C:\Users\Leo\source\repos\UC-Apex-Remastered\UC-Apex-Remastered\Driver.h(77,20): warning C4244: '=': conversion from 'uintptr_t' to 'ULONG', possible loss of data
C:\Users\Leo\source\repos\UC-Apex-Remastered\UC-Apex-Remastered\defs.h(57,20): warning C4244: 'argument': conversion from 'double' to 'float', possible loss of data
C:\Users\Leo\source\repos\UC-Apex-Remastered\UC-Apex-Remastered\defs.h(58,20): warning C4244: 'argument': conversion from 'double' to 'float', possible loss of data
C:\Users\Leo\source\repos\UC-Apex-Remastered\UC-Apex-Remastered\defs.h(59,20): warning C4244: 'argument': conversion from 'double' to 'float', possible loss of data
C:\Users\Leo\source\repos\UC-Apex-Remastered\UC-Apex-Remastered\Drawings.cpp(8,68): warning C4267: 'argument': conversion from 'size_t' to 'INT', possible loss of data
C:\Users\Leo\source\repos\UC-Apex-Remastered\UC-Apex-Remastered\Drawings.cpp(20,79): warning C4267: 'argument': conversion from 'size_t' to 'INT', possible loss of data
C:\Users\Leo\source\repos\UC-Apex-Remastered\UC-Apex-Remastered\Drawings.cpp(21,62): warning C4267: 'argument': conversion from 'size_t' to 'INT', possible loss of data
C:\Users\Leo\source\repos\UC-Apex-Remastered\UC-Apex-Remastered\Drawings.cpp(32,76): warning C4267: 'argument': conversion from 'size_t' to 'INT', possible loss of data
C:\Users\Leo\source\repos\UC-Apex-Remastered\UC-Apex-Remastered\Drawings.cpp(33,68): warning C4267: 'argument': conversion from 'size_t' to 'INT', possible loss of data
C:\Users\Leo\source\repos\UC-Apex-Remastered\UC-Apex-Remastered\Drawings.cpp(54,28): warning C4244: 'argument': conversion from 'int' to 'FLOAT', possible loss of data
C:\Users\Leo\source\repos\UC-Apex-Remastered\UC-Apex-Remastered\Drawings.cpp(54,24): warning C4244: 'argument': conversion from 'int' to 'FLOAT', possible loss of data
C:\Users\Leo\source\repos\UC-Apex-Remastered\UC-Apex-Remastered\Drawings.cpp(55,28): warning C4244: 'argument': conversion from 'int' to 'FLOAT', possible loss of data
C:\Users\Leo\source\repos\UC-Apex-Remastered\UC-Apex-Remastered\Drawings.cpp(55,24): warning C4244: 'argument': conversion from 'int' to 'FLOAT', possible loss of data
C:\Users\Leo\source\repos\UC-Apex-Remastered\UC-Apex-Remastered\Drawings.cpp(56,19): warning C4244: 'argument': conversion from 'int' to 'FLOAT', possible loss of data
C:\Users\Leo\source\repos\UC-Apex-Remastered\UC-Apex-Remastered\Drawings.cpp(69,13): warning C4244: 'initializing': conversion from 'double' to 'float', possible loss of data
  globals.cpp
C:\Users\Leo\source\repos\UC-Apex-Remastered\UC-Apex-Remastered\Driver.h(49,20): warning C4244: '=': conversion from 'uintptr_t' to 'ULONG', possible loss of data
C:\Users\Leo\source\repos\UC-Apex-Remastered\UC-Apex-Remastered\Driver.h(76,23): warning C4244: '=': conversion from 'uintptr_t' to 'ULONG', possible loss of data
C:\Users\Leo\source\repos\UC-Apex-Remastered\UC-Apex-Remastered\Driver.h(77,20): warning C4244: '=': conversion from 'uintptr_t' to 'ULONG', possible loss of data
C:\Users\Leo\source\repos\UC-Apex-Remastered\UC-Apex-Remastered\defs.h(57,20): warning C4244: 'argument': conversion from 'double' to 'float', possible loss of data
C:\Users\Leo\source\repos\UC-Apex-Remastered\UC-Apex-Remastered\defs.h(58,20): warning C4244: 'argument': conversion from 'double' to 'float', possible loss of data
C:\Users\Leo\source\repos\UC-Apex-Remastered\UC-Apex-Remastered\defs.h(59,20): warning C4244: 'argument': conversion from 'double' to 'float', possible loss of data
  imgui.cpp
  imgui_demo.cpp
  imgui_draw.cpp
  imgui_impl_dx9.cpp
  imgui_impl_win32.cpp
  imgui_tables.cpp
  imgui_widgets.cpp
  main.cpp
C:\Users\Leo\source\repos\UC-Apex-Remastered\UC-Apex-Remastered\Driver.h(49,20): warning C4244: '=': conversion from 'uintptr_t' to 'ULONG', possible loss of data
C:\Users\Leo\source\repos\UC-Apex-Remastered\UC-Apex-Remastered\Driver.h(76,23): warning C4244: '=': conversion from 'uintptr_t' to 'ULONG', possible loss of data
C:\Users\Leo\source\repos\UC-Apex-Remastered\UC-Apex-Remastered\Driver.h(77,20): warning C4244: '=': conversion from 'uintptr_t' to 'ULONG', possible loss of data
C:\Users\Leo\source\repos\UC-Apex-Remastered\UC-Apex-Remastered\defs.h(57,20): warning C4244: 'argument': conversion from 'double' to 'float', possible loss of data
C:\Users\Leo\source\repos\UC-Apex-Remastered\UC-Apex-Remastered\defs.h(58,20): warning C4244: 'argument': conversion from 'double' to 'float', possible loss of data
C:\Users\Leo\source\repos\UC-Apex-Remastered\UC-Apex-Remastered\defs.h(59,20): warning C4244: 'argument': conversion from 'double' to 'float', possible loss of data
C:\Users\Leo\source\repos\UC-Apex-Remastered\UC-Apex-Remastered\printa\printa.hpp(22,2): warning C4091: 'typedef ': ignored on left of 'printa_e' when no variable is declared
  Modules.cpp
C:\Users\Leo\source\repos\UC-Apex-Remastered\UC-Apex-Remastered\Driver.h(49,20): warning C4244: '=': conversion from 'uintptr_t' to 'ULONG', possible loss of data
C:\Users\Leo\source\repos\UC-Apex-Remastered\UC-Apex-Remastered\Driver.h(76,23): warning C4244: '=': conversion from 'uintptr_t' to 'ULONG', possible loss of data
C:\Users\Leo\source\repos\UC-Apex-Remastered\UC-Apex-Remastered\Driver.h(77,20): warning C4244: '=': conversion from 'uintptr_t' to 'ULONG', possible loss of data
C:\Users\Leo\source\repos\UC-Apex-Remastered\UC-Apex-Remastered\defs.h(57,20): warning C4244: 'argument': conversion from 'double' to 'float', possible loss of data
C:\Users\Leo\source\repos\UC-Apex-Remastered\UC-Apex-Remastered\defs.h(58,20): warning C4244: 'argument': conversion from 'double' to 'float', possible loss of data
C:\Users\Leo\source\repos\UC-Apex-Remastered\UC-Apex-Remastered\defs.h(59,20): warning C4244: 'argument': conversion from 'double' to 'float', possible loss of data
C:\Users\Leo\source\repos\UC-Apex-Remastered\UC-Apex-Remastered\Modules.cpp(101,36): warning C4244: 'argument': conversion from 'float' to 'int', possible loss of data
C:\Users\Leo\source\repos\UC-Apex-Remastered\UC-Apex-Remastered\Modules.cpp(101,29): warning C4244: 'argument': conversion from 'float' to 'int', possible loss of data
C:\Users\Leo\source\repos\UC-Apex-Remastered\UC-Apex-Remastered\Modules.cpp(101,26): warning C4244: 'argument': conversion from 'float' to 'int', possible loss of data
C:\Users\Leo\source\repos\UC-Apex-Remastered\UC-Apex-Remastered\Modules.cpp(101,23): warning C4244: 'argument': conversion from 'float' to 'int', possible loss of data
C:\Users\Leo\source\repos\UC-Apex-Remastered\UC-Apex-Remastered\Modules.cpp(102,29): warning C4244: 'argument': conversion from 'float' to 'int', possible loss of data
C:\Users\Leo\source\repos\UC-Apex-Remastered\UC-Apex-Remastered\Modules.cpp(102,22): warning C4244: 'argument': conversion from 'float' to 'int', possible loss of data
C:\Users\Leo\source\repos\UC-Apex-Remastered\UC-Apex-Remastered\Modules.cpp(102,19): warning C4244: 'argument': conversion from 'float' to 'int', possible loss of data
C:\Users\Leo\source\repos\UC-Apex-Remastered\UC-Apex-Remastered\Modules.cpp(102,16): warning C4244: 'argument': conversion from 'float' to 'int', possible loss of data
C:\Users\Leo\source\repos\UC-Apex-Remastered\UC-Apex-Remastered\Modules.cpp(108,57): warning C4244: 'argument': conversion from 'float' to 'int', possible loss of data
C:\Users\Leo\source\repos\UC-Apex-Remastered\UC-Apex-Remastered\Modules.cpp(108,43): warning C4244: 'argument': conversion from 'float' to 'int', possible loss of data
C:\Users\Leo\source\repos\UC-Apex-Remastered\UC-Apex-Remastered\Modules.cpp(108,24): warning C4244: 'argument': conversion from 'float' to 'int', possible loss of data
C:\Users\Leo\source\repos\UC-Apex-Remastered\UC-Apex-Remastered\Modules.cpp(109,64): warning C4244: 'argument': conversion from 'float' to 'int', possible loss of data
C:\Users\Leo\source\repos\UC-Apex-Remastered\UC-Apex-Remastered\Modules.cpp(109,43): warning C4244: 'argument': conversion from 'float' to 'int', possible loss of data
C:\Users\Leo\source\repos\UC-Apex-Remastered\UC-Apex-Remastered\Modules.cpp(109,24): warning C4244: 'argument': conversion from 'float' to 'int', possible loss of data
C:\Users\Leo\source\repos\UC-Apex-Remastered\UC-Apex-Remastered\Modules.cpp(110,62): warning C4244: 'argument': conversion from 'float' to 'int', possible loss of data
C:\Users\Leo\source\repos\UC-Apex-Remastered\UC-Apex-Remastered\Modules.cpp(110,48): warning C4244: 'argument': conversion from 'float' to 'int', possible loss of data
C:\Users\Leo\source\repos\UC-Apex-Remastered\UC-Apex-Remastered\Modules.cpp(110,24): warning C4244: 'argument': conversion from 'float' to 'int', possible loss of data
C:\Users\Leo\source\repos\UC-Apex-Remastered\UC-Apex-Remastered\Modules.cpp(111,69): warning C4244: 'argument': conversion from 'float' to 'int', possible loss of data
C:\Users\Leo\source\repos\UC-Apex-Remastered\UC-Apex-Remastered\Modules.cpp(111,48): warning C4244: 'argument': conversion from 'float' to 'int', possible loss of data
C:\Users\Leo\source\repos\UC-Apex-Remastered\UC-Apex-Remastered\Modules.cpp(111,24): warning C4244: 'argument': conversion from 'float' to 'int', possible loss of data
C:\Users\Leo\source\repos\UC-Apex-Remastered\UC-Apex-Remastered\Modules.cpp(114,76): warning C4244: 'argument': conversion from 'float' to 'int', possible loss of data
C:\Users\Leo\source\repos\UC-Apex-Remastered\UC-Apex-Remastered\Modules.cpp(114,49): warning C4244: 'argument': conversion from 'float' to 'int', possible loss of data
C:\Users\Leo\source\repos\UC-Apex-Remastered\UC-Apex-Remastered\Modules.cpp(114,42): warning C4244: 'argument': conversion from 'float' to 'int', possible loss of data
C:\Users\Leo\source\repos\UC-Apex-Remastered\UC-Apex-Remastered\Modules.cpp(115,70): warning C4244: 'argument': conversion from 'float' to 'int', possible loss of data
C:\Users\Leo\source\repos\UC-Apex-Remastered\UC-Apex-Remastered\Modules.cpp(115,43): warning C4244: 'argument': conversion from 'float' to 'int', possible loss of data
C:\Users\Leo\source\repos\UC-Apex-Remastered\UC-Apex-Remastered\Modules.cpp(115,36): warning C4244: 'argument': conversion from 'float' to 'int', possible loss of data
C:\Users\Leo\source\repos\UC-Apex-Remastered\UC-Apex-Remastered\Driver.h(102,23): warning C4244: '=': conversion from 'uintptr_t' to 'ULONG', possible loss of data
C:\Users\Leo\source\repos\UC-Apex-Remastered\UC-Apex-Remastered\Modules.cpp(52): message : see reference to function template instantiation 'bool KDriver::wpm<vec2>(UINT_PTR,const type &)' being compiled
          with
          [
              type=vec2
          ]
C:\Users\Leo\source\repos\UC-Apex-Remastered\UC-Apex-Remastered\Driver.h(103,20): warning C4244: '=': conversion from 'uintptr_t' to 'ULONG', possible loss of data
  overlay.cpp
C:\Users\Leo\source\repos\UC-Apex-Remastered\UC-Apex-Remastered\Driver.h(49,20): warning C4244: '=': conversion from 'uintptr_t' to 'ULONG', possible loss of data
C:\Users\Leo\source\repos\UC-Apex-Remastered\UC-Apex-Remastered\Driver.h(76,23): warning C4244: '=': conversion from 'uintptr_t' to 'ULONG', possible loss of data
C:\Users\Leo\source\repos\UC-Apex-Remastered\UC-Apex-Remastered\Driver.h(77,20): warning C4244: '=': conversion from 'uintptr_t' to 'ULONG', possible loss of data
C:\Users\Leo\source\repos\UC-Apex-Remastered\UC-Apex-Remastered\defs.h(57,20): warning C4244: 'argument': conversion from 'double' to 'float', possible loss of data
C:\Users\Leo\source\repos\UC-Apex-Remastered\UC-Apex-Remastered\defs.h(58,20): warning C4244: 'argument': conversion from 'double' to 'float', possible loss of data
C:\Users\Leo\source\repos\UC-Apex-Remastered\UC-Apex-Remastered\defs.h(59,20): warning C4244: 'argument': conversion from 'double' to 'float', possible loss of data
C:\Users\Leo\source\repos\UC-Apex-Remastered\UC-Apex-Remastered\overlay.cpp(399,84): warning C4244: 'argument': conversion from 'float' to 'int', possible loss of data
C:\Users\Leo\source\repos\UC-Apex-Remastered\UC-Apex-Remastered\overlay.cpp(399,57): warning C4244: 'argument': conversion from 'float' to 'int', possible loss of data
C:\Users\Leo\source\repos\UC-Apex-Remastered\UC-Apex-Remastered\overlay.cpp(402,69): warning C4244: 'argument': conversion from 'float' to 'int', possible loss of data
C:\Users\Leo\source\repos\UC-Apex-Remastered\UC-Apex-Remastered\overlay.cpp(402,42): warning C4244: 'argument': conversion from 'float' to 'int', possible loss of data
C:\Users\Leo\source\repos\UC-Apex-Remastered\UC-Apex-Remastered\overlay.cpp(416,54): warning C4244: 'argument': conversion from 'float' to 'int', possible loss of data
C:\Users\Leo\source\repos\UC-Apex-Remastered\UC-Apex-Remastered\overlay.cpp(416,34): warning C4244: 'argument': conversion from 'float' to 'int', possible loss of data
  Player.cpp
C:\Users\Leo\source\repos\UC-Apex-Remastered\UC-Apex-Remastered\Driver.h(49,20): warning C4244: '=': conversion from 'uintptr_t' to 'ULONG', possible loss of data
C:\Users\Leo\source\repos\UC-Apex-Remastered\UC-Apex-Remastered\Driver.h(76,23): warning C4244: '=': conversion from 'uintptr_t' to 'ULONG', possible loss of data
C:\Users\Leo\source\repos\UC-Apex-Remastered\UC-Apex-Remastered\Driver.h(77,20): warning C4244: '=': conversion from 'uintptr_t' to 'ULONG', possible loss of data
C:\Users\Leo\source\repos\UC-Apex-Remastered\UC-Apex-Remastered\defs.h(57,20): warning C4244: 'argument': conversion from 'double' to 'float', possible loss of data
C:\Users\Leo\source\repos\UC-Apex-Remastered\UC-Apex-Remastered\defs.h(58,20): warning C4244: 'argument': conversion from 'double' to 'float', possible loss of data
C:\Users\Leo\source\repos\UC-Apex-Remastered\UC-Apex-Remastered\defs.h(59,20): warning C4244: 'argument': conversion from 'double' to 'float', possible loss of data
C:\Users\Leo\source\repos\UC-Apex-Remastered\UC-Apex-Remastered\Player.cpp(147,23): warning C4244: 'argument': conversion from 'uintptr_t' to 'unsigned int', possible loss of data
  format.cc
  os.cc
  Util.cpp
C:\Users\Leo\source\repos\UC-Apex-Remastered\UC-Apex-Remastered\Driver.h(49,20): warning C4244: '=': conversion from 'uintptr_t' to 'ULONG', possible loss of data
C:\Users\Leo\source\repos\UC-Apex-Remastered\UC-Apex-Remastered\Driver.h(76,23): warning C4244: '=': conversion from 'uintptr_t' to 'ULONG', possible loss of data
C:\Users\Leo\source\repos\UC-Apex-Remastered\UC-Apex-Remastered\Driver.h(77,20): warning C4244: '=': conversion from 'uintptr_t' to 'ULONG', possible loss of data
C:\Users\Leo\source\repos\UC-Apex-Remastered\UC-Apex-Remastered\defs.h(57,20): warning C4244: 'argument': conversion from 'double' to 'float', possible loss of data
C:\Users\Leo\source\repos\UC-Apex-Remastered\UC-Apex-Remastered\defs.h(58,20): warning C4244: 'argument': conversion from 'double' to 'float', possible loss of data
C:\Users\Leo\source\repos\UC-Apex-Remastered\UC-Apex-Remastered\defs.h(59,20): warning C4244: 'argument': conversion from 'double' to 'float', possible loss of data
C:\Users\Leo\source\repos\UC-Apex-Remastered\UC-Apex-Remastered\Util.cpp(89,10): warning C4244: 'initializing': conversion from 'LONG' to 'float', possible loss of data
C:\Users\Leo\source\repos\UC-Apex-Remastered\UC-Apex-Remastered\Util.cpp(90,10): warning C4244: 'initializing': conversion from 'LONG' to 'float', possible loss of data
C:\Users\Leo\source\repos\UC-Apex-Remastered\UC-Apex-Remastered\Util.cpp(92,48): warning C4244: '+=': conversion from 'double' to 'float', possible loss of data
C:\Users\Leo\source\repos\UC-Apex-Remastered\UC-Apex-Remastered\Util.cpp(93,48): warning C4244: '-=': conversion from 'double' to 'float', possible loss of data
C:\Users\Leo\source\repos\UC-Apex-Remastered\UC-Apex-Remastered\Util.cpp(106,37): warning C4244: '=': conversion from 'double' to 'float', possible loss of data
C:\Users\Leo\source\repos\UC-Apex-Remastered\UC-Apex-Remastered\Util.cpp(107,40): warning C4244: '=': conversion from 'double' to 'float', possible loss of data
  Generating code
  Previous IPDB not found, fall back to full compilation.
  All 3032 functions were compiled because no usable IPDB/IOBJ from previous compilation was found.
  Finished generating code
  UC-Apex-Remastered.vcxproj -> C:\Users\Leo\source\repos\UC-Apex-Remastered\x64\Release\UC-Apex-Remastered.exe
